Arguments: 
  C:\Program Files\nodejs\node.exe C:\Users\HP\AppData\Roaming\npm\node_modules\yarn\bin\yarn.js install

PATH: 
  C:\Program Files\Common Files\Oracle\Java\javapath;C:\Python310\Scripts\;C:\Python310\;C:\Windows\system32;C:\Windows;C:\Windows\System32\Wbem;C:\Windows\System32\WindowsPowerShell\v1.0\;C:\Windows\System32\OpenSSH\;C:\Program Files\Git\cmd;C:\Program Files\GitHub CLI\;C:\ProgramData\ComposerSetup\bin;C:\Program Files\nodejs\;C:\ProgramData\chocolatey\bin;C:\Program Files (x86)\Bitvise SSH Client;C:\Program Files\PuTTY\;C:\Program Files\MySQL\MySQL Shell 8.0\bin\;C:\Users\HP\AppData\Local\Microsoft\WindowsApps;C:\Users\HP\AppData\Local\Programs\Microsoft VS Code\bin;C:\php8;C:\Users\HP\AppData\Roaming\Composer\vendor\bin;C:\Users\HP\AppData\Roaming\npm;C:\WinRAR;C:\Users\HP\AppData\Local\JetBrains\Toolbox\scripts;C:\Projects\cleangig\node_modules\.bin

Yarn version: 
  1.22.18

Node version: 
  16.15.1

Platform: 
  win32 x64

Trace: 
  Error: https://registry.yarnpkg.com/sdk-43.tar.gz: Request failed "404 Not Found"
      at ResponseError.ExtendableBuiltin (C:\Users\HP\AppData\Roaming\npm\node_modules\yarn\lib\cli.js:696:66)
      at new ResponseError (C:\Users\HP\AppData\Roaming\npm\node_modules\yarn\lib\cli.js:802:124)
      at Request.<anonymous> (C:\Users\HP\AppData\Roaming\npm\node_modules\yarn\lib\cli.js:66208:16)
      at Request.emit (node:events:527:28)
      at Request.module.exports.Request.onRequestResponse (C:\Users\HP\AppData\Roaming\npm\node_modules\yarn\lib\cli.js:141760:10)
      at ClientRequest.emit (node:events:527:28)
      at HTTPParser.parserOnIncomingClient (node:_http_client:631:27)
      at HTTPParser.parserOnHeadersComplete (node:_http_common:128:17)
      at HTTPParser.execute (<anonymous>)
      at TLSSocket.socketOnData (node:_http_client:494:22)

npm manifest: 
  {
    "main": "node_modules/expo/AppEntry.js",
    "scripts": {
      "start": "expo start",
      "android": "expo start --android",
      "ios": "expo start --ios",
      "web": "expo start --web",
      "eject": "expo eject"
    },
    "dependencies": {
      "@expo-google-fonts/poppins": "^0.2.0",
      "@expo/vector-icons": "^12.0.0",
      "@react-native-async-storage/async-storage": "~1.15.0",
      "@react-native-community/datetimepicker": "3.5.2",
      "@react-native-community/masked-view": "^0.1.11",
      "@react-native-community/netinfo": "6.0.2",
      "@react-native-community/slider": "4.1.12",
      "@react-native-picker/picker": "2.1.0",
      "@react-navigation/bottom-tabs": "^5.11.10",
      "@react-navigation/material-top-tabs": "^5.3.19",
      "@react-navigation/native": "^5.9.3",
      "@react-navigation/stack": "^5.14.3",
      "@unimodules/core": "~7.2.0",
      "axios": "^0.21.4",
      "date-fns": "^2.25.0",
      "eslint": "^8.11.0",
      "expo": "^43.0.0",
      "expo-app-loading": "~1.2.1",
      "expo-auth-session": "~3.4.2",
      "expo-camera": "~12.0.3",
      "expo-document-picker": "~10.0.3",
      "expo-file-system": "~13.0.3",
      "expo-font": "~10.0.3",
      "expo-google-app-auth": "~9.0.0",
      "expo-image-manipulator": "~10.1.2",
      "expo-image-picker": "~11.0.3",
      "expo-image-picker-multiple": "^1.3.1",
      "expo-linear-gradient": "~10.0.3",
      "expo-media-library": "~13.0.3",
      "expo-modules-core": "~0.4.10",
      "expo-notifications": "~0.13.3",
      "expo-permissions": "~13.0.3",
      "expo-print": "~11.0.4",
      "expo-random": "~12.0.1",
      "expo-screen-orientation": "~4.0.3",
      "expo-sharing": "~10.0.3",
      "expo-status-bar": "~1.1.0",
      "lodash": "^4.17.21",
      "metro-react-native-babel-preset": "^0.66.2",
      "mime": "^3.0.0",
      "native-base": "^3.2.1",
      "react": "17.0.1",
      "react-dom": "17.0.1",
      "react-native": "sdk-43.tar.gz",
      "react-native-anchor-carousel": "^4.0.1",
      "react-native-app-intro-slider": "^4.0.4",
      "react-native-elements": "^3.4.2",
      "react-native-gesture-handler": "~1.10.2",
      "react-native-image-crop-picker": "^0.36.4",
      "react-native-image-gallery": "^2.1.5",
      "react-native-image-viewing": "^0.2.1",
      "react-native-images-picker-expo": "^1.0.0",
      "react-native-in-app-notification": "^3.2.0",
      "react-native-keyboard-aware-scroll-view": "^0.9.4",
      "react-native-modal-datetime-picker": "^13.0.1",
      "react-native-pager-view": "5.4.6",
      "react-native-ratings": "^8.1.0",
      "react-native-reanimated": "~2.2.0",
      "react-native-safe-area-context": "3.3.2",
      "react-native-screens": "~3.8.0",
      "react-native-sectioned-multi-select": "^0.9.0",
      "react-native-svg": "12.1.1",
      "react-native-swipe-list-view": "^3.2.9",
      "react-native-tab-view": "^2.16.0",
      "react-native-textinput-effects": "^0.6.2",
      "react-native-web": "0.17.1",
      "react-native-windows": "^0.69.3",
      "react-navigation": "^4.4.4",
      "react-navigation-stack": "^2.10.4",
      "react-redux": "^7.2.6",
      "redux": "^4.1.2",
      "redux-thunk": "^2.4.0",
      "stream-chat-expo": "^4.11.0",
      "styled-components": "^5.3.3",
      "styled-system": "^5.1.5",
      "unimodules-permissions-interface": "^6.1.0",
      "validator": "^13.6.0",
      "voca": "^1.4.0"
    },
    "devDependencies": {
      "@babel/core": "^7.12.9"
    },
    "private": true
  }

yarn manifest: 
  No manifest

Lockfile: 
  No lockfile
